<?xml version="1.0" encoding="UTF-8"?>
<!-- Generated by org.testng.reporters.JUnitXMLReporter -->
<testsuite ignored="0" hostname="DESKTOP-RGULHIU" failures="0" tests="3" name="Default test" time="29.811" errors="0" timestamp="2024-12-03T23:07:05 EET">
  <testcase classname="seleniumtestcases.login_vaiddata" name="testOrangeHRM" time="5.187"/>
  <testcase classname="seleniumtestcases.login_invaiddaata" name="testOrangeHRM" time="3.689"/>
  <testcase classname="seleniumtestcases.lead_action" name="navigateToAddLead" time="16.234"/>
</testsuite> <!-- Default test -->
