<?xml version="1.0" encoding="UTF-8"?>
<!-- Generated by org.testng.reporters.JUnitXMLReporter -->
<testsuite ignored="0" hostname="DESKTOP-RGULHIU" failures="0" tests="4" name="Test" time="31.581" errors="0" timestamp="2024-04-29T19:13:03 EET">
  <testcase classname="seleniumtestcases.login_vaiddata" name="testOrangeHRM" time="5.296"/>
  <testcase classname="seleniumtestcases.login_invaiddaata" name="testOrangeHRM" time="3.103"/>
  <testcase classname="seleniumtestcases.addlead" name="navigateToAddLead" time="10.208"/>
  <testcase classname="seleniumtestcases.dashboard" name="testDashboardAccess" time="5.017"/>
</testsuite> <!-- Test -->
