<?xml version="1.0" encoding="UTF-8"?>
<testng-results ignored="0" total="1" passed="1" failed="0" skipped="0">
  <reporter-output>
  </reporter-output>
  <suite started-at="2024-07-02T21:04:01 EET" name="Default suite" finished-at="2024-07-02T21:04:21 EET" duration-ms="19891">
    <groups>
    </groups>
    <test started-at="2024-07-02T21:04:01 EET" name="Default test" finished-at="2024-07-02T21:04:21 EET" duration-ms="19891">
      <class name="seleniumtestcases.dashboard">
        <test-method is-config="true" signature="setup()[pri:0, instance:seleniumtestcases.dashboard@66ea810]" started-at="2024-07-02T21:04:01 EET" name="setup" finished-at="2024-07-02T21:04:14 EET" duration-ms="12332" status="PASS">
          <reporter-output>
          </reporter-output>
        </test-method> <!-- setup -->
        <test-method signature="testDashboardAccess()[pri:0, instance:seleniumtestcases.dashboard@66ea810]" started-at="2024-07-02T21:04:14 EET" name="testDashboardAccess" finished-at="2024-07-02T21:04:21 EET" duration-ms="7318" status="PASS">
          <reporter-output>
          </reporter-output>
        </test-method> <!-- testDashboardAccess -->
      </class> <!-- seleniumtestcases.dashboard -->
    </test> <!-- Default test -->
  </suite> <!-- Default suite -->
</testng-results>
